<?xml version="1.0" encoding="UTF-8"?>
<!-- Generated by org.testng.reporters.JUnitXMLReporter -->
<testsuite ignored="0" hostname="DESKTOP-NPJ0122" failures="0" tests="12" name="Default test" time="27.522" errors="0" timestamp="2024-04-06T17:12:26 IST">
  <testcase classname="org.ictkerala.test_intern.Test_LearnerForm" name="TC_LF61" time="2.879"/>
  <testcase classname="org.ictkerala.test_intern.Test_LearnerForm" name="TC_LF62" time="1.327"/>
  <testcase classname="org.ictkerala.test_intern.Test_LearnerForm" name="TC_LF63" time="1.399"/>
  <testcase classname="org.ictkerala.test_intern.Test_LearnerForm" name="TC_LF64" time="1.349"/>
  <testcase classname="org.ictkerala.test_intern.Test_LearnerForm" name="TC_LF65" time="1.383"/>
  <testcase classname="org.ictkerala.test_intern.Test_LearnerForm" name="TC_LF66" time="1.33"/>
  <testcase classname="org.ictkerala.test_intern.Test_LearnerForm" name="TC_LF67" time="2.02"/>
  <testcase classname="org.ictkerala.test_intern.Test_LearnerForm" name="TC_LF68" time="1.779"/>
  <testcase classname="org.ictkerala.test_intern.Test_LearnerForm" name="TC_LF69" time="3.133"/>
  <testcase classname="org.ictkerala.test_intern.Test_LearnerForm" name="TC_LF610" time="1.893"/>
  <testcase classname="org.ictkerala.test_intern.Test_LearnerForm" name="TC_LF611" time="1.567"/>
  <testcase classname="org.ictkerala.test_intern.Test_LearnerForm" name="TC_LF612" time="0.71"/>
</testsuite> <!-- Default test -->
