<?xml version="1.0" encoding="UTF-8"?>
<!-- Generated by org.testng.reporters.JUnitXMLReporter -->
<testsuite ignored="0" hostname="DESKTOP-NPJ0122" failures="0" tests="34" name="Test" time="94.377" errors="0" timestamp="2024-04-06T18:13:36 IST">
  <testcase classname="org.ictkerala.test_intern.Test_Login" name="TC_L11" time="0.174"/>
  <testcase classname="org.ictkerala.test_intern.Test_Login" name="TC_L21" time="1.668"/>
  <testcase classname="org.ictkerala.test_intern.Test_Login" name="TC_L22" time="1.705"/>
  <testcase classname="org.ictkerala.test_intern.Test_Login" name="TC_L23" time="2.698"/>
  <testcase classname="org.ictkerala.test_intern.Test_Login" name="TC_L31" time="1.238"/>
  <testcase classname="org.ictkerala.test_intern.Test_Login" name="TC_L32" time="1.057"/>
  <testcase classname="org.ictkerala.test_intern.Test_Login" name="TC_L33" time="1.254"/>
  <testcase classname="org.ictkerala.test_intern.Test_Login" name="TC_L34" time="0.985"/>
  <testcase classname="org.ictkerala.test_intern.Test_Login" name="TC_L35" time="1.63"/>
  <testcase classname="org.ictkerala.test_intern.Test_Login" name="TC_L36" time="2.113"/>
  <testcase classname="org.ictkerala.test_intern.Test_Login" name="TC_TD41" time="2.219"/>
  <testcase classname="org.ictkerala.test_intern.Test_Login" name="TC_TD42" time="2.373"/>
  <testcase classname="org.ictkerala.test_intern.Test_Login" name="TC_TD43" time="1.875"/>
  <testcase classname="org.ictkerala.test_intern.Test_Login" name="TC_TD44" time="1.236"/>
  <testcase classname="org.ictkerala.test_intern.Test_Login" name="TC_TD45" time="0.511"/>
  <testcase classname="org.ictkerala.test_intern.Test_Login" name="TC_TD46" time="6.821"/>
  <testcase classname="org.ictkerala.test_intern.Test_Login" name="TC_TD47" time="4.854"/>
  <testcase classname="org.ictkerala.test_intern.Test_Login" name="TC_TD48" time="0.903"/>
  <testcase classname="org.ictkerala.test_intern.Test_Login" name="TC_TPOD51" time="8.368"/>
  <testcase classname="org.ictkerala.test_intern.Test_Login" name="TC_TPOD52" time="7.667"/>
  <testcase classname="org.ictkerala.test_intern.Test_Login" name="TC_TPOD53" time="7.373"/>
  <testcase classname="org.ictkerala.test_intern.Test_Login" name="TC_TPOD54" time="4.587"/>
  <testcase classname="org.ictkerala.test_intern.Test_LearnerForm" name="TC_LF61" time="2.837"/>
  <testcase classname="org.ictkerala.test_intern.Test_LearnerForm" name="TC_LF62" time="1.62"/>
  <testcase classname="org.ictkerala.test_intern.Test_LearnerForm" name="TC_LF63" time="1.162"/>
  <testcase classname="org.ictkerala.test_intern.Test_LearnerForm" name="TC_LF64" time="1.185"/>
  <testcase classname="org.ictkerala.test_intern.Test_LearnerForm" name="TC_LF65" time="1.153"/>
  <testcase classname="org.ictkerala.test_intern.Test_LearnerForm" name="TC_LF66" time="1.189"/>
  <testcase classname="org.ictkerala.test_intern.Test_LearnerForm" name="TC_LF67" time="1.24"/>
  <testcase classname="org.ictkerala.test_intern.Test_LearnerForm" name="TC_LF68" time="1.597"/>
  <testcase classname="org.ictkerala.test_intern.Test_LearnerForm" name="TC_LF69" time="3.066"/>
  <testcase classname="org.ictkerala.test_intern.Test_LearnerForm" name="TC_LF610" time="2.259"/>
  <testcase classname="org.ictkerala.test_intern.Test_LearnerForm" name="TC_LF611" time="2.73"/>
  <testcase classname="org.ictkerala.test_intern.Test_LearnerForm" name="TC_LF612" time="0.821"/>
</testsuite> <!-- Test -->
