<?xml version="1.0" encoding="UTF-8"?>
<testng-results ignored="0" total="34" passed="34" failed="0" skipped="0">
  <reporter-output>
  </reporter-output>
  <suite started-at="2024-04-06T18:12:02 IST" name="Suite" finished-at="2024-04-06T18:13:36 IST" duration-ms="94377">
    <groups>
    </groups>
    <test started-at="2024-04-06T18:12:02 IST" name="Test" finished-at="2024-04-06T18:13:36 IST" duration-ms="94377">
      <class name="org.ictkerala.test_intern.Test_LearnerForm">
        <test-method is-config="true" signature="initialisation()[pri:0, instance:org.ictkerala.test_intern.Test_LearnerForm@60099951]" started-at="2024-04-06T18:13:12 IST" name="initialisation" finished-at="2024-04-06T18:13:15 IST" duration-ms="3119" status="PASS">
          <reporter-output>
          </reporter-output>
        </test-method> <!-- initialisation -->
        <test-method signature="TC_LF61()[pri:1, instance:org.ictkerala.test_intern.Test_LearnerForm@60099951]" started-at="2024-04-06T18:13:15 IST" name="TC_LF61" finished-at="2024-04-06T18:13:18 IST" duration-ms="2837" status="PASS">
          <reporter-output>
          </reporter-output>
        </test-method> <!-- TC_LF61 -->
        <test-method signature="TC_LF62()[pri:2, instance:org.ictkerala.test_intern.Test_LearnerForm@60099951]" started-at="2024-04-06T18:13:18 IST" name="TC_LF62" finished-at="2024-04-06T18:13:20 IST" duration-ms="1620" status="PASS">
          <reporter-output>
          </reporter-output>
        </test-method> <!-- TC_LF62 -->
        <test-method signature="TC_LF63()[pri:3, instance:org.ictkerala.test_intern.Test_LearnerForm@60099951]" started-at="2024-04-06T18:13:20 IST" name="TC_LF63" finished-at="2024-04-06T18:13:21 IST" duration-ms="1162" status="PASS">
          <reporter-output>
          </reporter-output>
        </test-method> <!-- TC_LF63 -->
        <test-method signature="TC_LF64()[pri:4, instance:org.ictkerala.test_intern.Test_LearnerForm@60099951]" started-at="2024-04-06T18:13:21 IST" name="TC_LF64" finished-at="2024-04-06T18:13:22 IST" duration-ms="1185" status="PASS">
          <reporter-output>
          </reporter-output>
        </test-method> <!-- TC_LF64 -->
        <test-method signature="TC_LF65()[pri:5, instance:org.ictkerala.test_intern.Test_LearnerForm@60099951]" started-at="2024-04-06T18:13:22 IST" name="TC_LF65" finished-at="2024-04-06T18:13:23 IST" duration-ms="1153" status="PASS">
          <reporter-output>
          </reporter-output>
        </test-method> <!-- TC_LF65 -->
        <test-method signature="TC_LF66()[pri:6, instance:org.ictkerala.test_intern.Test_LearnerForm@60099951]" started-at="2024-04-06T18:13:23 IST" name="TC_LF66" finished-at="2024-04-06T18:13:24 IST" duration-ms="1189" status="PASS">
          <reporter-output>
          </reporter-output>
        </test-method> <!-- TC_LF66 -->
        <test-method signature="TC_LF67()[pri:7, instance:org.ictkerala.test_intern.Test_LearnerForm@60099951]" started-at="2024-04-06T18:13:24 IST" name="TC_LF67" finished-at="2024-04-06T18:13:26 IST" duration-ms="1240" status="PASS">
          <reporter-output>
          </reporter-output>
        </test-method> <!-- TC_LF67 -->
        <test-method signature="TC_LF68()[pri:8, instance:org.ictkerala.test_intern.Test_LearnerForm@60099951]" started-at="2024-04-06T18:13:26 IST" name="TC_LF68" finished-at="2024-04-06T18:13:27 IST" duration-ms="1597" status="PASS">
          <reporter-output>
          </reporter-output>
        </test-method> <!-- TC_LF68 -->
        <test-method signature="TC_LF69()[pri:9, instance:org.ictkerala.test_intern.Test_LearnerForm@60099951]" started-at="2024-04-06T18:13:27 IST" name="TC_LF69" finished-at="2024-04-06T18:13:30 IST" duration-ms="3066" status="PASS">
          <reporter-output>
          </reporter-output>
        </test-method> <!-- TC_LF69 -->
        <test-method signature="TC_LF610()[pri:10, instance:org.ictkerala.test_intern.Test_LearnerForm@60099951]" started-at="2024-04-06T18:13:30 IST" name="TC_LF610" finished-at="2024-04-06T18:13:33 IST" duration-ms="2259" status="PASS">
          <reporter-output>
          </reporter-output>
        </test-method> <!-- TC_LF610 -->
        <test-method signature="TC_LF611()[pri:11, instance:org.ictkerala.test_intern.Test_LearnerForm@60099951]" started-at="2024-04-06T18:13:33 IST" name="TC_LF611" finished-at="2024-04-06T18:13:35 IST" duration-ms="2730" status="PASS">
          <reporter-output>
          </reporter-output>
        </test-method> <!-- TC_LF611 -->
        <test-method signature="TC_LF612()[pri:12, instance:org.ictkerala.test_intern.Test_LearnerForm@60099951]" started-at="2024-04-06T18:13:35 IST" name="TC_LF612" finished-at="2024-04-06T18:13:36 IST" duration-ms="821" status="PASS">
          <reporter-output>
          </reporter-output>
        </test-method> <!-- TC_LF612 -->
        <test-method is-config="true" signature="end()[pri:0, instance:org.ictkerala.test_intern.Test_LearnerForm@60099951]" started-at="2024-04-06T18:13:36 IST" name="end" finished-at="2024-04-06T18:13:36 IST" duration-ms="3" status="PASS">
          <reporter-output>
          </reporter-output>
        </test-method> <!-- end -->
      </class> <!-- org.ictkerala.test_intern.Test_LearnerForm -->
      <class name="org.ictkerala.test_intern.Test_Login">
        <test-method is-config="true" signature="initialisation()[pri:0, instance:org.ictkerala.test_intern.Test_Login@41a0aa7d]" started-at="2024-04-06T18:12:02 IST" name="initialisation" finished-at="2024-04-06T18:12:09 IST" duration-ms="6784" status="PASS">
          <reporter-output>
          </reporter-output>
        </test-method> <!-- initialisation -->
        <test-method signature="TC_L11()[pri:1, instance:org.ictkerala.test_intern.Test_Login@41a0aa7d]" started-at="2024-04-06T18:12:09 IST" name="TC_L11" finished-at="2024-04-06T18:12:09 IST" duration-ms="174" status="PASS">
          <reporter-output>
          </reporter-output>
        </test-method> <!-- TC_L11 -->
        <test-method signature="TC_L21()[pri:2, instance:org.ictkerala.test_intern.Test_Login@41a0aa7d]" started-at="2024-04-06T18:12:09 IST" name="TC_L21" finished-at="2024-04-06T18:12:11 IST" duration-ms="1668" status="PASS">
          <reporter-output>
          </reporter-output>
        </test-method> <!-- TC_L21 -->
        <test-method signature="TC_L22()[pri:3, instance:org.ictkerala.test_intern.Test_Login@41a0aa7d]" started-at="2024-04-06T18:12:11 IST" name="TC_L22" finished-at="2024-04-06T18:12:12 IST" duration-ms="1705" status="PASS">
          <reporter-output>
          </reporter-output>
        </test-method> <!-- TC_L22 -->
        <test-method signature="TC_L23()[pri:4, instance:org.ictkerala.test_intern.Test_Login@41a0aa7d]" started-at="2024-04-06T18:12:12 IST" name="TC_L23" finished-at="2024-04-06T18:12:15 IST" duration-ms="2698" status="PASS">
          <reporter-output>
          </reporter-output>
        </test-method> <!-- TC_L23 -->
        <test-method signature="TC_L31()[pri:5, instance:org.ictkerala.test_intern.Test_Login@41a0aa7d]" started-at="2024-04-06T18:12:15 IST" name="TC_L31" finished-at="2024-04-06T18:12:16 IST" duration-ms="1238" status="PASS">
          <reporter-output>
          </reporter-output>
        </test-method> <!-- TC_L31 -->
        <test-method signature="TC_L32()[pri:6, instance:org.ictkerala.test_intern.Test_Login@41a0aa7d]" started-at="2024-04-06T18:12:16 IST" name="TC_L32" finished-at="2024-04-06T18:12:17 IST" duration-ms="1057" status="PASS">
          <reporter-output>
          </reporter-output>
        </test-method> <!-- TC_L32 -->
        <test-method signature="TC_L33()[pri:7, instance:org.ictkerala.test_intern.Test_Login@41a0aa7d]" started-at="2024-04-06T18:12:17 IST" name="TC_L33" finished-at="2024-04-06T18:12:18 IST" duration-ms="1254" status="PASS">
          <reporter-output>
          </reporter-output>
        </test-method> <!-- TC_L33 -->
        <test-method signature="TC_L34()[pri:8, instance:org.ictkerala.test_intern.Test_Login@41a0aa7d]" started-at="2024-04-06T18:12:19 IST" name="TC_L34" finished-at="2024-04-06T18:12:19 IST" duration-ms="985" status="PASS">
          <reporter-output>
          </reporter-output>
        </test-method> <!-- TC_L34 -->
        <test-method signature="TC_L35()[pri:9, instance:org.ictkerala.test_intern.Test_Login@41a0aa7d]" started-at="2024-04-06T18:12:19 IST" name="TC_L35" finished-at="2024-04-06T18:12:21 IST" duration-ms="1630" status="PASS">
          <reporter-output>
          </reporter-output>
        </test-method> <!-- TC_L35 -->
        <test-method signature="TC_L36()[pri:10, instance:org.ictkerala.test_intern.Test_Login@41a0aa7d]" started-at="2024-04-06T18:12:21 IST" name="TC_L36" finished-at="2024-04-06T18:12:23 IST" duration-ms="2113" status="PASS">
          <reporter-output>
          </reporter-output>
        </test-method> <!-- TC_L36 -->
        <test-method signature="TC_TD41()[pri:11, instance:org.ictkerala.test_intern.Test_Login@41a0aa7d]" started-at="2024-04-06T18:12:23 IST" name="TC_TD41" finished-at="2024-04-06T18:12:25 IST" duration-ms="2219" status="PASS">
          <reporter-output>
          </reporter-output>
        </test-method> <!-- TC_TD41 -->
        <test-method signature="TC_TD42()[pri:12, instance:org.ictkerala.test_intern.Test_Login@41a0aa7d]" started-at="2024-04-06T18:12:25 IST" name="TC_TD42" finished-at="2024-04-06T18:12:28 IST" duration-ms="2373" status="PASS">
          <reporter-output>
          </reporter-output>
        </test-method> <!-- TC_TD42 -->
        <test-method signature="TC_TD43()[pri:13, instance:org.ictkerala.test_intern.Test_Login@41a0aa7d]" started-at="2024-04-06T18:12:28 IST" name="TC_TD43" finished-at="2024-04-06T18:12:30 IST" duration-ms="1875" status="PASS">
          <reporter-output>
          </reporter-output>
        </test-method> <!-- TC_TD43 -->
        <test-method signature="TC_TD44()[pri:14, instance:org.ictkerala.test_intern.Test_Login@41a0aa7d]" started-at="2024-04-06T18:12:30 IST" name="TC_TD44" finished-at="2024-04-06T18:12:31 IST" duration-ms="1236" status="PASS">
          <reporter-output>
          </reporter-output>
        </test-method> <!-- TC_TD44 -->
        <test-method signature="TC_TD45()[pri:15, instance:org.ictkerala.test_intern.Test_Login@41a0aa7d]" started-at="2024-04-06T18:12:31 IST" name="TC_TD45" finished-at="2024-04-06T18:12:31 IST" duration-ms="511" status="PASS">
          <reporter-output>
          </reporter-output>
        </test-method> <!-- TC_TD45 -->
        <test-method signature="TC_TD46()[pri:16, instance:org.ictkerala.test_intern.Test_Login@41a0aa7d]" started-at="2024-04-06T18:12:31 IST" name="TC_TD46" finished-at="2024-04-06T18:12:38 IST" duration-ms="6821" status="PASS">
          <reporter-output>
          </reporter-output>
        </test-method> <!-- TC_TD46 -->
        <test-method signature="TC_TD47()[pri:17, instance:org.ictkerala.test_intern.Test_Login@41a0aa7d]" started-at="2024-04-06T18:12:38 IST" name="TC_TD47" finished-at="2024-04-06T18:12:43 IST" duration-ms="4854" status="PASS">
          <reporter-output>
          </reporter-output>
        </test-method> <!-- TC_TD47 -->
        <test-method signature="TC_TD48()[pri:18, instance:org.ictkerala.test_intern.Test_Login@41a0aa7d]" started-at="2024-04-06T18:12:43 IST" name="TC_TD48" finished-at="2024-04-06T18:12:44 IST" duration-ms="903" status="PASS">
          <reporter-output>
          </reporter-output>
        </test-method> <!-- TC_TD48 -->
        <test-method signature="TC_TPOD51()[pri:19, instance:org.ictkerala.test_intern.Test_Login@41a0aa7d]" started-at="2024-04-06T18:12:44 IST" name="TC_TPOD51" finished-at="2024-04-06T18:12:52 IST" duration-ms="8368" status="PASS">
          <reporter-output>
          </reporter-output>
        </test-method> <!-- TC_TPOD51 -->
        <test-method signature="TC_TPOD52()[pri:20, instance:org.ictkerala.test_intern.Test_Login@41a0aa7d]" started-at="2024-04-06T18:12:52 IST" name="TC_TPOD52" finished-at="2024-04-06T18:13:00 IST" duration-ms="7667" status="PASS">
          <reporter-output>
          </reporter-output>
        </test-method> <!-- TC_TPOD52 -->
        <test-method signature="TC_TPOD53()[pri:21, instance:org.ictkerala.test_intern.Test_Login@41a0aa7d]" started-at="2024-04-06T18:13:00 IST" name="TC_TPOD53" finished-at="2024-04-06T18:13:07 IST" duration-ms="7373" status="PASS">
          <reporter-output>
          </reporter-output>
        </test-method> <!-- TC_TPOD53 -->
        <test-method signature="TC_TPOD54()[pri:22, instance:org.ictkerala.test_intern.Test_Login@41a0aa7d]" started-at="2024-04-06T18:13:07 IST" name="TC_TPOD54" finished-at="2024-04-06T18:13:12 IST" duration-ms="4587" status="PASS">
          <reporter-output>
          </reporter-output>
        </test-method> <!-- TC_TPOD54 -->
        <test-method is-config="true" signature="end()[pri:0, instance:org.ictkerala.test_intern.Test_Login@41a0aa7d]" started-at="2024-04-06T18:13:12 IST" name="end" finished-at="2024-04-06T18:13:12 IST" duration-ms="6" status="PASS">
          <reporter-output>
          </reporter-output>
        </test-method> <!-- end -->
      </class> <!-- org.ictkerala.test_intern.Test_Login -->
    </test> <!-- Test -->
  </suite> <!-- Suite -->
</testng-results>
